<?xml version="1.0" encoding="UTF-8"?>
<!-- Generated by org.testng.reporters.JUnitXMLReporter -->
<testsuite hostname="cavisson-Vostro-15-3568" ignored="0" name="logintest" tests="3" failures="1" timestamp="2020-02-13T21:45:57 IST" time="0.084" errors="0">
  <testcase name="setup" time="0.016" classname="parametrization.LoginTest">
    <failure type="java.lang.AssertionError" message="did not expect to find [true] but found [false]">
      <![CDATA[java.lang.AssertionError: did not expect to find [true] but found [false]
at parametrization.LoginTest.setup(LoginTest.java:11)
at java.util.ArrayList.forEach(ArrayList.java:1257)
... Removed 31 stack frames]]>
    </failure>
  </testcase> <!-- setup -->
  <testcase name="loginByEmail" time="0.002" classname="parametrization.LoginTest"/>
  <testcase name="loginByFacebook" time="0.0" classname="parametrization.LoginTest">
    <skipped/>
  </testcase> <!-- loginByFacebook -->
</testsuite> <!-- logintest -->
