<?xml version="1.0" encoding="UTF-8"?>
<!-- Generated by org.testng.reporters.JUnitXMLReporter -->
<testsuite hostname="cavisson-Vostro-15-3568" ignored="0" name="Logintest" tests="1" failures="1" timestamp="2020-02-23T20:29:00 IST" time="9.313" errors="0">
  <testcase name="loginTest" time="7.072" classname="reporting.LoginTest">
    <failure type="java.lang.AssertionError" message="expected [Facebook – in or sign up] but found [Facebook – log in or sign up]">
      <![CDATA[java.lang.AssertionError: expected [Facebook – in or sign up] but found [Facebook – log in or sign up]
at reporting.LoginTest.loginTest(LoginTest.java:34)
at java.util.ArrayList.forEach(ArrayList.java:1257)
... Removed 32 stack frames]]>
    </failure>
  </testcase> <!-- loginTest -->
</testsuite> <!-- Logintest -->
